  [1m[35m (0.1ms)[0m  [1m[34mSELECT sqlite_version(*)[0m
  [1m[35m (1.5ms)[0m  [1m[35mCREATE TABLE "schema_migrations" ("version" varchar NOT NULL PRIMARY KEY)[0m
  [1m[35m (1.3ms)[0m  [1m[35mCREATE TABLE "ar_internal_metadata" ("key" varchar NOT NULL PRIMARY KEY, "value" varchar, "created_at" datetime NOT NULL, "updated_at" datetime NOT NULL)[0m
  [1m[35m (0.2ms)[0m  [1m[34mSELECT "schema_migrations"."version" FROM "schema_migrations" ORDER BY "schema_migrations"."version" ASC[0m
Migrating to CreateAirplanes (20180206025502)
  [1m[35m (0.1ms)[0m  [1m[36mbegin transaction[0m
  [1m[35m (0.5ms)[0m  [1m[35mCREATE TABLE "airplanes" ("id" INTEGER PRIMARY KEY AUTOINCREMENT NOT NULL, "name" text, "rows" integer, "column" text, "created_at" datetime NOT NULL, "updated_at" datetime NOT NULL)[0m
  [1m[35mSQL (0.2ms)[0m  [1m[32mINSERT INTO "schema_migrations" ("version") VALUES (?)[0m  [["version", "20180206025502"]]
  [1m[35m (1.0ms)[0m  [1m[36mcommit transaction[0m
Migrating to CreateFlights (20180206031215)
  [1m[35m (0.1ms)[0m  [1m[36mbegin transaction[0m
  [1m[35m (0.5ms)[0m  [1m[35mCREATE TABLE "flights" ("id" INTEGER PRIMARY KEY AUTOINCREMENT NOT NULL, "flight_No" integer, "date" varchar, "origin" text, "destination" text, "plane" text, "created_at" datetime NOT NULL, "updated_at" datetime NOT NULL)[0m
  [1m[35mSQL (0.2ms)[0m  [1m[32mINSERT INTO "schema_migrations" ("version") VALUES (?)[0m  [["version", "20180206031215"]]
  [1m[35m (1.0ms)[0m  [1m[36mcommit transaction[0m
Migrating to CreateReservations (20180206031654)
  [1m[35m (0.1ms)[0m  [1m[36mbegin transaction[0m
  [1m[35m (0.4ms)[0m  [1m[35mCREATE TABLE "reservations" ("id" INTEGER PRIMARY KEY AUTOINCREMENT NOT NULL, "date" varchar, "reservation_No" integer, "created_at" datetime NOT NULL, "updated_at" datetime NOT NULL)[0m
  [1m[35mSQL (0.2ms)[0m  [1m[32mINSERT INTO "schema_migrations" ("version") VALUES (?)[0m  [["version", "20180206031654"]]
  [1m[35m (0.8ms)[0m  [1m[36mcommit transaction[0m
Migrating to CreateUsers (20180206031822)
  [1m[35m (0.1ms)[0m  [1m[36mbegin transaction[0m
  [1m[35m (0.4ms)[0m  [1m[35mCREATE TABLE "users" ("id" INTEGER PRIMARY KEY AUTOINCREMENT NOT NULL, "name" varchar, "email" varchar, "description" text, "created_at" datetime NOT NULL, "updated_at" datetime NOT NULL)[0m
  [1m[35mSQL (0.3ms)[0m  [1m[32mINSERT INTO "schema_migrations" ("version") VALUES (?)[0m  [["version", "20180206031822"]]
  [1m[35m (1.4ms)[0m  [1m[36mcommit transaction[0m
Migrating to AddFlightIdToAirplane (20180206033925)
  [1m[35m (0.1ms)[0m  [1m[36mbegin transaction[0m
  [1m[35m (0.9ms)[0m  [1m[35mALTER TABLE "airplanes" ADD "flight_id" integer[0m
  [1m[35mSQL (0.6ms)[0m  [1m[32mINSERT INTO "schema_migrations" ("version") VALUES (?)[0m  [["version", "20180206033925"]]
  [1m[35m (0.9ms)[0m  [1m[36mcommit transaction[0m
  [1m[36mActiveRecord::InternalMetadata Load (0.2ms)[0m  [1m[34mSELECT  "ar_internal_metadata".* FROM "ar_internal_metadata" WHERE "ar_internal_metadata"."key" = ? LIMIT ?[0m  [["key", "environment"], ["LIMIT", 1]]
  [1m[35m (0.1ms)[0m  [1m[36mbegin transaction[0m
  [1m[35mSQL (0.6ms)[0m  [1m[32mINSERT INTO "ar_internal_metadata" ("key", "value", "created_at", "updated_at") VALUES (?, ?, ?, ?)[0m  [["key", "environment"], ["value", "development"], ["created_at", "2018-02-06 03:40:24.873298"], ["updated_at", "2018-02-06 03:40:24.873298"]]
  [1m[35m (0.9ms)[0m  [1m[36mcommit transaction[0m
  [1m[35m (0.1ms)[0m  [1m[34mSELECT "schema_migrations"."version" FROM "schema_migrations" ORDER BY "schema_migrations"."version" ASC[0m
Started GET "/" for 127.0.0.1 at 2018-02-06 14:41:19 +1100
  [1m[35m (0.1ms)[0m  [1m[34mSELECT "schema_migrations"."version" FROM "schema_migrations" ORDER BY "schema_migrations"."version" ASC[0m
Processing by Rails::WelcomeController#index as HTML
  Rendering /Users/Samudabamu/.rvm/gems/ruby-2.4.0/gems/railties-5.1.4/lib/rails/templates/rails/welcome/index.html.erb
  Rendered /Users/Samudabamu/.rvm/gems/ruby-2.4.0/gems/railties-5.1.4/lib/rails/templates/rails/welcome/index.html.erb (3.4ms)
Completed 200 OK in 15ms (Views: 10.7ms | ActiveRecord: 0.0ms)


Started GET "/new" for 127.0.0.1 at 2018-02-06 14:41:23 +1100
  
ActionController::RoutingError (No route matches [GET] "/new"):
  
actionpack (5.1.4) lib/action_dispatch/middleware/debug_exceptions.rb:63:in `call'
web-console (3.5.1) lib/web_console/middleware.rb:135:in `call_app'
web-console (3.5.1) lib/web_console/middleware.rb:28:in `block in call'
web-console (3.5.1) lib/web_console/middleware.rb:18:in `catch'
web-console (3.5.1) lib/web_console/middleware.rb:18:in `call'
actionpack (5.1.4) lib/action_dispatch/middleware/show_exceptions.rb:31:in `call'
railties (5.1.4) lib/rails/rack/logger.rb:36:in `call_app'
railties (5.1.4) lib/rails/rack/logger.rb:24:in `block in call'
activesupport (5.1.4) lib/active_support/tagged_logging.rb:69:in `block in tagged'
activesupport (5.1.4) lib/active_support/tagged_logging.rb:26:in `tagged'
activesupport (5.1.4) lib/active_support/tagged_logging.rb:69:in `tagged'
railties (5.1.4) lib/rails/rack/logger.rb:24:in `call'
sprockets-rails (3.2.1) lib/sprockets/rails/quiet_assets.rb:13:in `call'
actionpack (5.1.4) lib/action_dispatch/middleware/remote_ip.rb:79:in `call'
actionpack (5.1.4) lib/action_dispatch/middleware/request_id.rb:25:in `call'
rack (2.0.4) lib/rack/method_override.rb:22:in `call'
rack (2.0.4) lib/rack/runtime.rb:22:in `call'
activesupport (5.1.4) lib/active_support/cache/strategy/local_cache_middleware.rb:27:in `call'
actionpack (5.1.4) lib/action_dispatch/middleware/executor.rb:12:in `call'
actionpack (5.1.4) lib/action_dispatch/middleware/static.rb:125:in `call'
rack (2.0.4) lib/rack/sendfile.rb:111:in `call'
railties (5.1.4) lib/rails/engine.rb:522:in `call'
puma (3.11.2) lib/puma/configuration.rb:225:in `call'
puma (3.11.2) lib/puma/server.rb:624:in `handle_request'
puma (3.11.2) lib/puma/server.rb:438:in `process_client'
puma (3.11.2) lib/puma/server.rb:302:in `block in run'
puma (3.11.2) lib/puma/thread_pool.rb:120:in `block in spawn_thread'
Started GET "/airplanes/new" for 127.0.0.1 at 2018-02-06 14:42:16 +1100
Processing by AirplanesController#new as HTML
  Rendering airplanes/new.html.erb within layouts/application
  Rendered airplanes/_form.html.erb (14.2ms)
  Rendered airplanes/new.html.erb within layouts/application (19.6ms)
Completed 200 OK in 822ms (Views: 801.6ms | ActiveRecord: 0.6ms)


Started GET "/" for 127.0.0.1 at 2018-02-06 14:46:08 +1100
Processing by Rails::WelcomeController#index as HTML
  Rendering /Users/Samudabamu/.rvm/gems/ruby-2.4.0/gems/railties-5.1.4/lib/rails/templates/rails/welcome/index.html.erb
  Rendered /Users/Samudabamu/.rvm/gems/ruby-2.4.0/gems/railties-5.1.4/lib/rails/templates/rails/welcome/index.html.erb (34.0ms)
Completed 200 OK in 43ms (Views: 37.6ms | ActiveRecord: 0.0ms)


Started GET "/airplanes/new" for 127.0.0.1 at 2018-02-06 14:46:19 +1100
Processing by AirplanesController#new as HTML
  Rendering airplanes/new.html.erb within layouts/application
  Rendered airplanes/_form.html.erb (3.4ms)
  Rendered airplanes/new.html.erb within layouts/application (6.4ms)
Completed 200 OK in 39ms (Views: 36.4ms | ActiveRecord: 0.0ms)


Started POST "/airplanes" for 127.0.0.1 at 2018-02-06 14:46:25 +1100
Processing by AirplanesController#create as HTML
  Parameters: {"utf8"=>"✓", "authenticity_token"=>"a6pbqHOJaz8KPx8QWgPs1oBnXIVzYLChVeR4SlvcMefTbcwy25ckBIy0B9PMJb3UQXvdAU24qBZERQQKNozRgw==", "airplane"=>{"name"=>"747", "rows"=>"20", "column"=>"20"}, "commit"=>"Create Airplane"}
  [1m[35m (0.1ms)[0m  [1m[36mbegin transaction[0m
  [1m[35mSQL (1.3ms)[0m  [1m[32mINSERT INTO "airplanes" ("name", "rows", "column", "created_at", "updated_at") VALUES (?, ?, ?, ?, ?)[0m  [["name", "747"], ["rows", 20], ["column", "20"], ["created_at", "2018-02-06 03:46:25.121270"], ["updated_at", "2018-02-06 03:46:25.121270"]]
  [1m[35m (0.9ms)[0m  [1m[36mcommit transaction[0m
Redirected to http://localhost:3000/airplanes/1
Completed 302 Found in 9ms (ActiveRecord: 2.3ms)


Started GET "/airplanes/1" for 127.0.0.1 at 2018-02-06 14:46:25 +1100
Processing by AirplanesController#show as HTML
  Parameters: {"id"=>"1"}
  [1m[36mAirplane Load (0.2ms)[0m  [1m[34mSELECT  "airplanes".* FROM "airplanes" WHERE "airplanes"."id" = ? LIMIT ?[0m  [["id", 1], ["LIMIT", 1]]
  Rendering airplanes/show.html.erb within layouts/application
  Rendered airplanes/show.html.erb within layouts/application (1.3ms)
Completed 200 OK in 37ms (Views: 29.6ms | ActiveRecord: 0.2ms)


Started GET "/airplanes" for 127.0.0.1 at 2018-02-06 14:46:29 +1100
Processing by AirplanesController#index as HTML
  Rendering airplanes/index.html.erb within layouts/application
  [1m[36mAirplane Load (0.2ms)[0m  [1m[34mSELECT "airplanes".* FROM "airplanes"[0m
  Rendered airplanes/index.html.erb within layouts/application (2.2ms)
Completed 200 OK in 40ms (Views: 34.3ms | ActiveRecord: 0.2ms)


Started GET "/airplanes/new" for 127.0.0.1 at 2018-02-06 14:46:31 +1100
Processing by AirplanesController#new as HTML
  Rendering airplanes/new.html.erb within layouts/application
  Rendered airplanes/_form.html.erb (2.8ms)
  Rendered airplanes/new.html.erb within layouts/application (5.4ms)
Completed 200 OK in 38ms (Views: 35.6ms | ActiveRecord: 0.0ms)


Started POST "/airplanes" for 127.0.0.1 at 2018-02-06 14:46:37 +1100
Processing by AirplanesController#create as HTML
  Parameters: {"utf8"=>"✓", "authenticity_token"=>"99EglNozkSBDICsE1qAjhxUdkj59UWlO4DAixszIWSdPFrcOci3eG8WrM8dAhnKF1AETukOJcfnxkV6GoZi5Qw==", "airplane"=>{"name"=>"747", "rows"=>"30", "column"=>"34"}, "commit"=>"Create Airplane"}
  [1m[35m (0.1ms)[0m  [1m[36mbegin transaction[0m
  [1m[35mSQL (0.4ms)[0m  [1m[32mINSERT INTO "airplanes" ("name", "rows", "column", "created_at", "updated_at") VALUES (?, ?, ?, ?, ?)[0m  [["name", "747"], ["rows", 30], ["column", "34"], ["created_at", "2018-02-06 03:46:37.319920"], ["updated_at", "2018-02-06 03:46:37.319920"]]
  [1m[35m (1.4ms)[0m  [1m[36mcommit transaction[0m
Redirected to http://localhost:3000/airplanes/2
Completed 302 Found in 6ms (ActiveRecord: 1.9ms)


Started GET "/airplanes/2" for 127.0.0.1 at 2018-02-06 14:46:37 +1100
Processing by AirplanesController#show as HTML
  Parameters: {"id"=>"2"}
  [1m[36mAirplane Load (0.1ms)[0m  [1m[34mSELECT  "airplanes".* FROM "airplanes" WHERE "airplanes"."id" = ? LIMIT ?[0m  [["id", 2], ["LIMIT", 1]]
  Rendering airplanes/show.html.erb within layouts/application
  Rendered airplanes/show.html.erb within layouts/application (1.3ms)
Completed 200 OK in 37ms (Views: 33.2ms | ActiveRecord: 0.1ms)


Started GET "/airplanes" for 127.0.0.1 at 2018-02-06 14:46:38 +1100
Processing by AirplanesController#index as HTML
  Rendering airplanes/index.html.erb within layouts/application
  [1m[36mAirplane Load (0.2ms)[0m  [1m[34mSELECT "airplanes".* FROM "airplanes"[0m
  Rendered airplanes/index.html.erb within layouts/application (2.2ms)
Completed 200 OK in 42ms (Views: 38.0ms | ActiveRecord: 0.2ms)


Started GET "/airplanes" for 127.0.0.1 at 2018-02-06 14:46:58 +1100
Processing by AirplanesController#index as HTML
  Rendering airplanes/index.html.erb within layouts/application
  [1m[36mAirplane Load (5.4ms)[0m  [1m[34mSELECT "airplanes".* FROM "airplanes"[0m
  Rendered airplanes/index.html.erb within layouts/application (7.3ms)
Completed 200 OK in 40ms (Views: 31.7ms | ActiveRecord: 5.4ms)


Started GET "/airplanes" for 127.0.0.1 at 2018-02-06 14:46:58 +1100
Processing by AirplanesController#index as HTML
  Rendering airplanes/index.html.erb within layouts/application
  [1m[36mAirplane Load (0.2ms)[0m  [1m[34mSELECT "airplanes".* FROM "airplanes"[0m
  Rendered airplanes/index.html.erb within layouts/application (2.0ms)
Completed 200 OK in 25ms (Views: 22.2ms | ActiveRecord: 0.2ms)


Started GET "/airplanes" for 127.0.0.1 at 2018-02-06 14:47:18 +1100
  [1m[35m (0.2ms)[0m  [1m[34mSELECT "schema_migrations"."version" FROM "schema_migrations" ORDER BY "schema_migrations"."version" ASC[0m
Processing by AirplanesController#index as HTML
  Rendering airplanes/index.html.erb within layouts/application
  [1m[36mAirplane Load (0.2ms)[0m  [1m[34mSELECT "airplanes".* FROM "airplanes"[0m
  Rendered airplanes/index.html.erb within layouts/application (27.9ms)
Completed 200 OK in 260ms (Views: 247.2ms | ActiveRecord: 1.3ms)


Started GET "/airplanes" for 127.0.0.1 at 2018-02-06 14:47:20 +1100
Processing by AirplanesController#index as HTML
  Rendering airplanes/index.html.erb within layouts/application
  [1m[36mAirplane Load (0.1ms)[0m  [1m[34mSELECT "airplanes".* FROM "airplanes"[0m
  Rendered airplanes/index.html.erb within layouts/application (2.6ms)
Completed 200 OK in 28ms (Views: 24.9ms | ActiveRecord: 0.3ms)


Started GET "/airplanes" for 127.0.0.1 at 2018-02-06 14:47:23 +1100
Processing by AirplanesController#index as HTML
  Rendering airplanes/index.html.erb within layouts/application
  [1m[36mAirplane Load (0.5ms)[0m  [1m[34mSELECT "airplanes".* FROM "airplanes"[0m
  Rendered airplanes/index.html.erb within layouts/application (4.5ms)
Completed 200 OK in 37ms (Views: 34.5ms | ActiveRecord: 0.5ms)


Started GET "/airplanes" for 127.0.0.1 at 2018-02-06 14:47:24 +1100
Processing by AirplanesController#index as HTML
  Rendering airplanes/index.html.erb within layouts/application
  [1m[36mAirplane Load (0.2ms)[0m  [1m[34mSELECT "airplanes".* FROM "airplanes"[0m
  Rendered airplanes/index.html.erb within layouts/application (1.9ms)
Completed 200 OK in 30ms (Views: 27.6ms | ActiveRecord: 0.2ms)


Started GET "/airplanes/2" for 127.0.0.1 at 2018-02-06 14:47:25 +1100
Processing by AirplanesController#show as HTML
  Parameters: {"id"=>"2"}
  [1m[36mAirplane Load (0.2ms)[0m  [1m[34mSELECT  "airplanes".* FROM "airplanes" WHERE "airplanes"."id" = ? LIMIT ?[0m  [["id", 2], ["LIMIT", 1]]
  Rendering airplanes/show.html.erb within layouts/application
  Rendered airplanes/show.html.erb within layouts/application (0.9ms)
Completed 200 OK in 51ms (Views: 44.7ms | ActiveRecord: 0.2ms)


Started GET "/airplanes" for 127.0.0.1 at 2018-02-06 14:47:27 +1100
Processing by AirplanesController#index as HTML
  Rendering airplanes/index.html.erb within layouts/application
  [1m[36mAirplane Load (0.2ms)[0m  [1m[34mSELECT "airplanes".* FROM "airplanes"[0m
  Rendered airplanes/index.html.erb within layouts/application (2.2ms)
Completed 200 OK in 36ms (Views: 33.1ms | ActiveRecord: 0.2ms)


  [1m[36mAirplane Load (1.6ms)[0m  [1m[34mSELECT "airplanes".* FROM "airplanes"[0m
